[2025-07-10 10:55:57] localhost.INFO: Detected N+1 Query  
[2025-07-10 10:55:57] localhost.INFO: Model: App\Models\Order
Relation: App\Models\User
Num-Called: 2
Call-Stack:
#13 /app/Traits/DefaultAccessModelTrait.php:17
#14 /app/Models/Scopes/BranchScope.php:20
#24 /app/Services/OrderService.php:503
#25 /app/Http/Controllers/Admin/PosOrderController.php:53
#26 /vendor/laravel/framework/src/Illuminate/Routing/Controller.php:54
#27 /vendor/laravel/framework/src/Illuminate/Routing/ControllerDispatcher.php:43
#28 /vendor/laravel/framework/src/Illuminate/Routing/Route.php:259
#29 /vendor/laravel/framework/src/Illuminate/Routing/Route.php:205
#30 /vendor/laravel/framework/src/Illuminate/Routing/Router.php:798
#31 /vendor/laravel/framework/src/Illuminate/Pipeline/Pipeline.php:141
#32 /vendor/spatie/laravel-permission/src/Middlewares/PermissionMiddleware.php:24
#33 /vendor/laravel/framework/src/Illuminate/Pipeline/Pipeline.php:180
#34 /app/Http/Middleware/localization.php:15
#35 /vendor/laravel/framework/src/Illuminate/Pipeline/Pipeline.php:180
#36 /app/Http/Middleware/Installed.php:21
#37 /vendor/laravel/framework/src/Illuminate/Pipeline/Pipeline.php:180
#38 /app/Http/Middleware/JsonMiddleware.php:20
#39 /vendor/laravel/framework/src/Illuminate/Pipeline/Pipeline.php:180
#40 /vendor/laravel/framework/src/Illuminate/Routing/Middleware/SubstituteBindings.php:50
#41 /vendor/laravel/framework/src/Illuminate/Pipeline/Pipeline.php:180
#42 /vendor/laravel/framework/src/Illuminate/Routing/Middleware/ThrottleRequests.php:126
#43 /vendor/laravel/framework/src/Illuminate/Routing/Middleware/ThrottleRequests.php:57
#44 /vendor/laravel/framework/src/Illuminate/Pipeline/Pipeline.php:180
#45 /vendor/laravel/framework/src/Illuminate/Pipeline/Pipeline.php:116
#46 /vendor/laravel/framework/src/Illuminate/Routing/Router.php:797
#47 /vendor/laravel/framework/src/Illuminate/Routing/Router.php:776
#48 /vendor/laravel/framework/src/Illuminate/Routing/Router.php:740
#49 /vendor/laravel/framework/src/Illuminate/Routing/Router.php:729
  
[2025-07-10 10:56:08] localhost.INFO: Detected N+1 Query  
[2025-07-10 10:56:08] localhost.INFO: Model: App\Models\Order
Relation: App\Models\User
Num-Called: 2
Call-Stack:
#13 /app/Traits/DefaultAccessModelTrait.php:17
#14 /app/Models/Scopes/BranchScope.php:20
#24 /app/Services/OrderService.php:503
#25 /app/Http/Controllers/Admin/PosOrderController.php:53
#26 /vendor/laravel/framework/src/Illuminate/Routing/Controller.php:54
#27 /vendor/laravel/framework/src/Illuminate/Routing/ControllerDispatcher.php:43
#28 /vendor/laravel/framework/src/Illuminate/Routing/Route.php:259
#29 /vendor/laravel/framework/src/Illuminate/Routing/Route.php:205
#30 /vendor/laravel/framework/src/Illuminate/Routing/Router.php:798
#31 /vendor/laravel/framework/src/Illuminate/Pipeline/Pipeline.php:141
#32 /vendor/spatie/laravel-permission/src/Middlewares/PermissionMiddleware.php:24
#33 /vendor/laravel/framework/src/Illuminate/Pipeline/Pipeline.php:180
#34 /app/Http/Middleware/localization.php:15
#35 /vendor/laravel/framework/src/Illuminate/Pipeline/Pipeline.php:180
#36 /app/Http/Middleware/Installed.php:21
#37 /vendor/laravel/framework/src/Illuminate/Pipeline/Pipeline.php:180
#38 /app/Http/Middleware/JsonMiddleware.php:20
#39 /vendor/laravel/framework/src/Illuminate/Pipeline/Pipeline.php:180
#40 /vendor/laravel/framework/src/Illuminate/Routing/Middleware/SubstituteBindings.php:50
#41 /vendor/laravel/framework/src/Illuminate/Pipeline/Pipeline.php:180
#42 /vendor/laravel/framework/src/Illuminate/Routing/Middleware/ThrottleRequests.php:126
#43 /vendor/laravel/framework/src/Illuminate/Routing/Middleware/ThrottleRequests.php:57
#44 /vendor/laravel/framework/src/Illuminate/Pipeline/Pipeline.php:180
#45 /vendor/laravel/framework/src/Illuminate/Pipeline/Pipeline.php:116
#46 /vendor/laravel/framework/src/Illuminate/Routing/Router.php:797
#47 /vendor/laravel/framework/src/Illuminate/Routing/Router.php:776
#48 /vendor/laravel/framework/src/Illuminate/Routing/Router.php:740
#49 /vendor/laravel/framework/src/Illuminate/Routing/Router.php:729
  
[2025-07-10 10:56:13] localhost.INFO: Detected N+1 Query  
[2025-07-10 10:56:13] localhost.INFO: Model: App\Models\Order
Relation: App\Models\User
Num-Called: 2
Call-Stack:
#13 /app/Traits/DefaultAccessModelTrait.php:17
#14 /app/Models/Scopes/BranchScope.php:20
#24 /app/Services/OrderService.php:503
#25 /app/Http/Controllers/Admin/PosOrderController.php:53
#26 /vendor/laravel/framework/src/Illuminate/Routing/Controller.php:54
#27 /vendor/laravel/framework/src/Illuminate/Routing/ControllerDispatcher.php:43
#28 /vendor/laravel/framework/src/Illuminate/Routing/Route.php:259
#29 /vendor/laravel/framework/src/Illuminate/Routing/Route.php:205
#30 /vendor/laravel/framework/src/Illuminate/Routing/Router.php:798
#31 /vendor/laravel/framework/src/Illuminate/Pipeline/Pipeline.php:141
#32 /vendor/spatie/laravel-permission/src/Middlewares/PermissionMiddleware.php:24
#33 /vendor/laravel/framework/src/Illuminate/Pipeline/Pipeline.php:180
#34 /app/Http/Middleware/localization.php:15
#35 /vendor/laravel/framework/src/Illuminate/Pipeline/Pipeline.php:180
#36 /app/Http/Middleware/Installed.php:21
#37 /vendor/laravel/framework/src/Illuminate/Pipeline/Pipeline.php:180
#38 /app/Http/Middleware/JsonMiddleware.php:20
#39 /vendor/laravel/framework/src/Illuminate/Pipeline/Pipeline.php:180
#40 /vendor/laravel/framework/src/Illuminate/Routing/Middleware/SubstituteBindings.php:50
#41 /vendor/laravel/framework/src/Illuminate/Pipeline/Pipeline.php:180
#42 /vendor/laravel/framework/src/Illuminate/Routing/Middleware/ThrottleRequests.php:126
#43 /vendor/laravel/framework/src/Illuminate/Routing/Middleware/ThrottleRequests.php:57
#44 /vendor/laravel/framework/src/Illuminate/Pipeline/Pipeline.php:180
#45 /vendor/laravel/framework/src/Illuminate/Pipeline/Pipeline.php:116
#46 /vendor/laravel/framework/src/Illuminate/Routing/Router.php:797
#47 /vendor/laravel/framework/src/Illuminate/Routing/Router.php:776
#48 /vendor/laravel/framework/src/Illuminate/Routing/Router.php:740
#49 /vendor/laravel/framework/src/Illuminate/Routing/Router.php:729
  
[2025-07-10 11:02:13] localhost.INFO: Detected N+1 Query  
[2025-07-10 11:02:13] localhost.INFO: Model: App\Models\Order
Relation: App\Models\User
Num-Called: 2
Call-Stack:
#13 /app/Traits/DefaultAccessModelTrait.php:17
#14 /app/Models/Scopes/BranchScope.php:20
#24 /app/Services/OrderService.php:503
#25 /app/Http/Controllers/Admin/PosOrderController.php:53
#26 /vendor/laravel/framework/src/Illuminate/Routing/Controller.php:54
#27 /vendor/laravel/framework/src/Illuminate/Routing/ControllerDispatcher.php:43
#28 /vendor/laravel/framework/src/Illuminate/Routing/Route.php:259
#29 /vendor/laravel/framework/src/Illuminate/Routing/Route.php:205
#30 /vendor/laravel/framework/src/Illuminate/Routing/Router.php:798
#31 /vendor/laravel/framework/src/Illuminate/Pipeline/Pipeline.php:141
#32 /vendor/spatie/laravel-permission/src/Middlewares/PermissionMiddleware.php:24
#33 /vendor/laravel/framework/src/Illuminate/Pipeline/Pipeline.php:180
#34 /app/Http/Middleware/localization.php:15
#35 /vendor/laravel/framework/src/Illuminate/Pipeline/Pipeline.php:180
#36 /app/Http/Middleware/Installed.php:21
#37 /vendor/laravel/framework/src/Illuminate/Pipeline/Pipeline.php:180
#38 /app/Http/Middleware/JsonMiddleware.php:20
#39 /vendor/laravel/framework/src/Illuminate/Pipeline/Pipeline.php:180
#40 /vendor/laravel/framework/src/Illuminate/Routing/Middleware/SubstituteBindings.php:50
#41 /vendor/laravel/framework/src/Illuminate/Pipeline/Pipeline.php:180
#42 /vendor/laravel/framework/src/Illuminate/Routing/Middleware/ThrottleRequests.php:126
#43 /vendor/laravel/framework/src/Illuminate/Routing/Middleware/ThrottleRequests.php:57
#44 /vendor/laravel/framework/src/Illuminate/Pipeline/Pipeline.php:180
#45 /vendor/laravel/framework/src/Illuminate/Pipeline/Pipeline.php:116
#46 /vendor/laravel/framework/src/Illuminate/Routing/Router.php:797
#47 /vendor/laravel/framework/src/Illuminate/Routing/Router.php:776
#48 /vendor/laravel/framework/src/Illuminate/Routing/Router.php:740
#49 /vendor/laravel/framework/src/Illuminate/Routing/Router.php:729
  
[2025-07-10 11:02:13] localhost.INFO: Detected N+1 Query  
[2025-07-10 11:02:13] localhost.INFO: Model: App\Models\Order
Relation: App\Models\User
Num-Called: 2
Call-Stack:
#13 /app/Traits/DefaultAccessModelTrait.php:17
#14 /app/Models/Scopes/BranchScope.php:20
#24 /app/Services/OrderService.php:503
#25 /app/Http/Controllers/Admin/PosOrderController.php:53
#26 /vendor/laravel/framework/src/Illuminate/Routing/Controller.php:54
#27 /vendor/laravel/framework/src/Illuminate/Routing/ControllerDispatcher.php:43
#28 /vendor/laravel/framework/src/Illuminate/Routing/Route.php:259
#29 /vendor/laravel/framework/src/Illuminate/Routing/Route.php:205
#30 /vendor/laravel/framework/src/Illuminate/Routing/Router.php:798
#31 /vendor/laravel/framework/src/Illuminate/Pipeline/Pipeline.php:141
#32 /vendor/spatie/laravel-permission/src/Middlewares/PermissionMiddleware.php:24
#33 /vendor/laravel/framework/src/Illuminate/Pipeline/Pipeline.php:180
#34 /app/Http/Middleware/localization.php:15
#35 /vendor/laravel/framework/src/Illuminate/Pipeline/Pipeline.php:180
#36 /app/Http/Middleware/Installed.php:21
#37 /vendor/laravel/framework/src/Illuminate/Pipeline/Pipeline.php:180
#38 /app/Http/Middleware/JsonMiddleware.php:20
#39 /vendor/laravel/framework/src/Illuminate/Pipeline/Pipeline.php:180
#40 /vendor/laravel/framework/src/Illuminate/Routing/Middleware/SubstituteBindings.php:50
#41 /vendor/laravel/framework/src/Illuminate/Pipeline/Pipeline.php:180
#42 /vendor/laravel/framework/src/Illuminate/Routing/Middleware/ThrottleRequests.php:126
#43 /vendor/laravel/framework/src/Illuminate/Routing/Middleware/ThrottleRequests.php:57
#44 /vendor/laravel/framework/src/Illuminate/Pipeline/Pipeline.php:180
#45 /vendor/laravel/framework/src/Illuminate/Pipeline/Pipeline.php:116
#46 /vendor/laravel/framework/src/Illuminate/Routing/Router.php:797
#47 /vendor/laravel/framework/src/Illuminate/Routing/Router.php:776
#48 /vendor/laravel/framework/src/Illuminate/Routing/Router.php:740
#49 /vendor/laravel/framework/src/Illuminate/Routing/Router.php:729
  
[2025-07-10 11:02:14] localhost.INFO: Detected N+1 Query  
[2025-07-10 11:02:14] localhost.INFO: Model: App\Models\Order
Relation: App\Models\User
Num-Called: 2
Call-Stack:
#13 /app/Traits/DefaultAccessModelTrait.php:17
#14 /app/Models/Scopes/BranchScope.php:20
#24 /app/Services/OrderService.php:503
#25 /app/Http/Controllers/Admin/PosOrderController.php:53
#26 /vendor/laravel/framework/src/Illuminate/Routing/Controller.php:54
#27 /vendor/laravel/framework/src/Illuminate/Routing/ControllerDispatcher.php:43
#28 /vendor/laravel/framework/src/Illuminate/Routing/Route.php:259
#29 /vendor/laravel/framework/src/Illuminate/Routing/Route.php:205
#30 /vendor/laravel/framework/src/Illuminate/Routing/Router.php:798
#31 /vendor/laravel/framework/src/Illuminate/Pipeline/Pipeline.php:141
#32 /vendor/spatie/laravel-permission/src/Middlewares/PermissionMiddleware.php:24
#33 /vendor/laravel/framework/src/Illuminate/Pipeline/Pipeline.php:180
#34 /app/Http/Middleware/localization.php:15
#35 /vendor/laravel/framework/src/Illuminate/Pipeline/Pipeline.php:180
#36 /app/Http/Middleware/Installed.php:21
#37 /vendor/laravel/framework/src/Illuminate/Pipeline/Pipeline.php:180
#38 /app/Http/Middleware/JsonMiddleware.php:20
#39 /vendor/laravel/framework/src/Illuminate/Pipeline/Pipeline.php:180
#40 /vendor/laravel/framework/src/Illuminate/Routing/Middleware/SubstituteBindings.php:50
#41 /vendor/laravel/framework/src/Illuminate/Pipeline/Pipeline.php:180
#42 /vendor/laravel/framework/src/Illuminate/Routing/Middleware/ThrottleRequests.php:126
#43 /vendor/laravel/framework/src/Illuminate/Routing/Middleware/ThrottleRequests.php:57
#44 /vendor/laravel/framework/src/Illuminate/Pipeline/Pipeline.php:180
#45 /vendor/laravel/framework/src/Illuminate/Pipeline/Pipeline.php:116
#46 /vendor/laravel/framework/src/Illuminate/Routing/Router.php:797
#47 /vendor/laravel/framework/src/Illuminate/Routing/Router.php:776
#48 /vendor/laravel/framework/src/Illuminate/Routing/Router.php:740
#49 /vendor/laravel/framework/src/Illuminate/Routing/Router.php:729
  
[2025-07-10 11:03:13] localhost.INFO: Detected N+1 Query  
[2025-07-10 11:03:13] localhost.INFO: Model: App\Models\Order
Relation: App\Models\User
Num-Called: 2
Call-Stack:
#13 /app/Traits/DefaultAccessModelTrait.php:17
#14 /app/Models/Scopes/BranchScope.php:20
#24 /app/Services/OrderService.php:503
#25 /app/Http/Controllers/Admin/PosOrderController.php:53
#26 /vendor/laravel/framework/src/Illuminate/Routing/Controller.php:54
#27 /vendor/laravel/framework/src/Illuminate/Routing/ControllerDispatcher.php:43
#28 /vendor/laravel/framework/src/Illuminate/Routing/Route.php:259
#29 /vendor/laravel/framework/src/Illuminate/Routing/Route.php:205
#30 /vendor/laravel/framework/src/Illuminate/Routing/Router.php:798
#31 /vendor/laravel/framework/src/Illuminate/Pipeline/Pipeline.php:141
#32 /vendor/spatie/laravel-permission/src/Middlewares/PermissionMiddleware.php:24
#33 /vendor/laravel/framework/src/Illuminate/Pipeline/Pipeline.php:180
#34 /app/Http/Middleware/localization.php:15
#35 /vendor/laravel/framework/src/Illuminate/Pipeline/Pipeline.php:180
#36 /app/Http/Middleware/Installed.php:21
#37 /vendor/laravel/framework/src/Illuminate/Pipeline/Pipeline.php:180
#38 /app/Http/Middleware/JsonMiddleware.php:20
#39 /vendor/laravel/framework/src/Illuminate/Pipeline/Pipeline.php:180
#40 /vendor/laravel/framework/src/Illuminate/Routing/Middleware/SubstituteBindings.php:50
#41 /vendor/laravel/framework/src/Illuminate/Pipeline/Pipeline.php:180
#42 /vendor/laravel/framework/src/Illuminate/Routing/Middleware/ThrottleRequests.php:126
#43 /vendor/laravel/framework/src/Illuminate/Routing/Middleware/ThrottleRequests.php:57
#44 /vendor/laravel/framework/src/Illuminate/Pipeline/Pipeline.php:180
#45 /vendor/laravel/framework/src/Illuminate/Pipeline/Pipeline.php:116
#46 /vendor/laravel/framework/src/Illuminate/Routing/Router.php:797
#47 /vendor/laravel/framework/src/Illuminate/Routing/Router.php:776
#48 /vendor/laravel/framework/src/Illuminate/Routing/Router.php:740
#49 /vendor/laravel/framework/src/Illuminate/Routing/Router.php:729
  
[2025-07-10 11:03:13] localhost.INFO: Detected N+1 Query  
[2025-07-10 11:03:13] localhost.INFO: Model: App\Models\Order
Relation: App\Models\User
Num-Called: 2
Call-Stack:
#13 /app/Traits/DefaultAccessModelTrait.php:17
#14 /app/Models/Scopes/BranchScope.php:20
#24 /app/Services/OrderService.php:503
#25 /app/Http/Controllers/Admin/PosOrderController.php:53
#26 /vendor/laravel/framework/src/Illuminate/Routing/Controller.php:54
#27 /vendor/laravel/framework/src/Illuminate/Routing/ControllerDispatcher.php:43
#28 /vendor/laravel/framework/src/Illuminate/Routing/Route.php:259
#29 /vendor/laravel/framework/src/Illuminate/Routing/Route.php:205
#30 /vendor/laravel/framework/src/Illuminate/Routing/Router.php:798
#31 /vendor/laravel/framework/src/Illuminate/Pipeline/Pipeline.php:141
#32 /vendor/spatie/laravel-permission/src/Middlewares/PermissionMiddleware.php:24
#33 /vendor/laravel/framework/src/Illuminate/Pipeline/Pipeline.php:180
#34 /app/Http/Middleware/localization.php:15
#35 /vendor/laravel/framework/src/Illuminate/Pipeline/Pipeline.php:180
#36 /app/Http/Middleware/Installed.php:21
#37 /vendor/laravel/framework/src/Illuminate/Pipeline/Pipeline.php:180
#38 /app/Http/Middleware/JsonMiddleware.php:20
#39 /vendor/laravel/framework/src/Illuminate/Pipeline/Pipeline.php:180
#40 /vendor/laravel/framework/src/Illuminate/Routing/Middleware/SubstituteBindings.php:50
#41 /vendor/laravel/framework/src/Illuminate/Pipeline/Pipeline.php:180
#42 /vendor/laravel/framework/src/Illuminate/Routing/Middleware/ThrottleRequests.php:126
#43 /vendor/laravel/framework/src/Illuminate/Routing/Middleware/ThrottleRequests.php:57
#44 /vendor/laravel/framework/src/Illuminate/Pipeline/Pipeline.php:180
#45 /vendor/laravel/framework/src/Illuminate/Pipeline/Pipeline.php:116
#46 /vendor/laravel/framework/src/Illuminate/Routing/Router.php:797
#47 /vendor/laravel/framework/src/Illuminate/Routing/Router.php:776
#48 /vendor/laravel/framework/src/Illuminate/Routing/Router.php:740
#49 /vendor/laravel/framework/src/Illuminate/Routing/Router.php:729
  
[2025-07-10 11:03:26] localhost.INFO: Detected N+1 Query  
[2025-07-10 11:03:26] localhost.INFO: Model: App\Models\Order
Relation: App\Models\User
Num-Called: 2
Call-Stack:
#13 /app/Traits/DefaultAccessModelTrait.php:17
#14 /app/Models/Scopes/BranchScope.php:20
#24 /app/Services/OrderService.php:503
#25 /app/Http/Controllers/Admin/PosOrderController.php:53
#26 /vendor/laravel/framework/src/Illuminate/Routing/Controller.php:54
#27 /vendor/laravel/framework/src/Illuminate/Routing/ControllerDispatcher.php:43
#28 /vendor/laravel/framework/src/Illuminate/Routing/Route.php:259
#29 /vendor/laravel/framework/src/Illuminate/Routing/Route.php:205
#30 /vendor/laravel/framework/src/Illuminate/Routing/Router.php:798
#31 /vendor/laravel/framework/src/Illuminate/Pipeline/Pipeline.php:141
#32 /vendor/spatie/laravel-permission/src/Middlewares/PermissionMiddleware.php:24
#33 /vendor/laravel/framework/src/Illuminate/Pipeline/Pipeline.php:180
#34 /app/Http/Middleware/localization.php:15
#35 /vendor/laravel/framework/src/Illuminate/Pipeline/Pipeline.php:180
#36 /app/Http/Middleware/Installed.php:21
#37 /vendor/laravel/framework/src/Illuminate/Pipeline/Pipeline.php:180
#38 /app/Http/Middleware/JsonMiddleware.php:20
#39 /vendor/laravel/framework/src/Illuminate/Pipeline/Pipeline.php:180
#40 /vendor/laravel/framework/src/Illuminate/Routing/Middleware/SubstituteBindings.php:50
#41 /vendor/laravel/framework/src/Illuminate/Pipeline/Pipeline.php:180
#42 /vendor/laravel/framework/src/Illuminate/Routing/Middleware/ThrottleRequests.php:126
#43 /vendor/laravel/framework/src/Illuminate/Routing/Middleware/ThrottleRequests.php:57
#44 /vendor/laravel/framework/src/Illuminate/Pipeline/Pipeline.php:180
#45 /vendor/laravel/framework/src/Illuminate/Pipeline/Pipeline.php:116
#46 /vendor/laravel/framework/src/Illuminate/Routing/Router.php:797
#47 /vendor/laravel/framework/src/Illuminate/Routing/Router.php:776
#48 /vendor/laravel/framework/src/Illuminate/Routing/Router.php:740
#49 /vendor/laravel/framework/src/Illuminate/Routing/Router.php:729
  
[2025-07-10 11:03:26] localhost.INFO: Detected N+1 Query  
[2025-07-10 11:03:26] localhost.INFO: Model: App\Models\Order
Relation: App\Models\User
Num-Called: 2
Call-Stack:
#13 /app/Traits/DefaultAccessModelTrait.php:17
#14 /app/Models/Scopes/BranchScope.php:20
#24 /app/Services/OrderService.php:503
#25 /app/Http/Controllers/Admin/PosOrderController.php:53
#26 /vendor/laravel/framework/src/Illuminate/Routing/Controller.php:54
#27 /vendor/laravel/framework/src/Illuminate/Routing/ControllerDispatcher.php:43
#28 /vendor/laravel/framework/src/Illuminate/Routing/Route.php:259
#29 /vendor/laravel/framework/src/Illuminate/Routing/Route.php:205
#30 /vendor/laravel/framework/src/Illuminate/Routing/Router.php:798
#31 /vendor/laravel/framework/src/Illuminate/Pipeline/Pipeline.php:141
#32 /vendor/spatie/laravel-permission/src/Middlewares/PermissionMiddleware.php:24
#33 /vendor/laravel/framework/src/Illuminate/Pipeline/Pipeline.php:180
#34 /app/Http/Middleware/localization.php:15
#35 /vendor/laravel/framework/src/Illuminate/Pipeline/Pipeline.php:180
#36 /app/Http/Middleware/Installed.php:21
#37 /vendor/laravel/framework/src/Illuminate/Pipeline/Pipeline.php:180
#38 /app/Http/Middleware/JsonMiddleware.php:20
#39 /vendor/laravel/framework/src/Illuminate/Pipeline/Pipeline.php:180
#40 /vendor/laravel/framework/src/Illuminate/Routing/Middleware/SubstituteBindings.php:50
#41 /vendor/laravel/framework/src/Illuminate/Pipeline/Pipeline.php:180
#42 /vendor/laravel/framework/src/Illuminate/Routing/Middleware/ThrottleRequests.php:126
#43 /vendor/laravel/framework/src/Illuminate/Routing/Middleware/ThrottleRequests.php:57
#44 /vendor/laravel/framework/src/Illuminate/Pipeline/Pipeline.php:180
#45 /vendor/laravel/framework/src/Illuminate/Pipeline/Pipeline.php:116
#46 /vendor/laravel/framework/src/Illuminate/Routing/Router.php:797
#47 /vendor/laravel/framework/src/Illuminate/Routing/Router.php:776
#48 /vendor/laravel/framework/src/Illuminate/Routing/Router.php:740
#49 /vendor/laravel/framework/src/Illuminate/Routing/Router.php:729
  
[2025-07-10 11:03:26] localhost.INFO: Detected N+1 Query  
[2025-07-10 11:03:26] localhost.INFO: Model: App\Models\Order
Relation: App\Models\User
Num-Called: 2
Call-Stack:
#13 /app/Traits/DefaultAccessModelTrait.php:17
#14 /app/Models/Scopes/BranchScope.php:20
#24 /app/Services/OrderService.php:503
#25 /app/Http/Controllers/Admin/PosOrderController.php:53
#26 /vendor/laravel/framework/src/Illuminate/Routing/Controller.php:54
#27 /vendor/laravel/framework/src/Illuminate/Routing/ControllerDispatcher.php:43
#28 /vendor/laravel/framework/src/Illuminate/Routing/Route.php:259
#29 /vendor/laravel/framework/src/Illuminate/Routing/Route.php:205
#30 /vendor/laravel/framework/src/Illuminate/Routing/Router.php:798
#31 /vendor/laravel/framework/src/Illuminate/Pipeline/Pipeline.php:141
#32 /vendor/spatie/laravel-permission/src/Middlewares/PermissionMiddleware.php:24
#33 /vendor/laravel/framework/src/Illuminate/Pipeline/Pipeline.php:180
#34 /app/Http/Middleware/localization.php:15
#35 /vendor/laravel/framework/src/Illuminate/Pipeline/Pipeline.php:180
#36 /app/Http/Middleware/Installed.php:21
#37 /vendor/laravel/framework/src/Illuminate/Pipeline/Pipeline.php:180
#38 /app/Http/Middleware/JsonMiddleware.php:20
#39 /vendor/laravel/framework/src/Illuminate/Pipeline/Pipeline.php:180
#40 /vendor/laravel/framework/src/Illuminate/Routing/Middleware/SubstituteBindings.php:50
#41 /vendor/laravel/framework/src/Illuminate/Pipeline/Pipeline.php:180
#42 /vendor/laravel/framework/src/Illuminate/Routing/Middleware/ThrottleRequests.php:126
#43 /vendor/laravel/framework/src/Illuminate/Routing/Middleware/ThrottleRequests.php:57
#44 /vendor/laravel/framework/src/Illuminate/Pipeline/Pipeline.php:180
#45 /vendor/laravel/framework/src/Illuminate/Pipeline/Pipeline.php:116
#46 /vendor/laravel/framework/src/Illuminate/Routing/Router.php:797
#47 /vendor/laravel/framework/src/Illuminate/Routing/Router.php:776
#48 /vendor/laravel/framework/src/Illuminate/Routing/Router.php:740
#49 /vendor/laravel/framework/src/Illuminate/Routing/Router.php:729
  
