[2025-06-09 12:45:12] local.ERROR: Error getting notifications count: SQLSTATE[42S22]: Column not found: 1054 Unknown column 'notifications.notifiable_type' in 'where clause' (SQL: select count(*) as aggregate from `notifications` where `notifications`.`notifiable_type` = App\Models\User and `notifications`.`notifiable_id` = 97 and `notifications`.`notifiable_id` is not null and `read_at` is null)  
[2025-06-09 12:45:12] local.ERROR: Error getting notifications count: SQLSTATE[42S22]: Column not found: 1054 Unknown column 'notifications.notifiable_type' in 'where clause' (SQL: select count(*) as aggregate from `notifications` where `notifications`.`notifiable_type` = App\Models\User and `notifications`.`notifiable_id` = 96 and `notifications`.`notifiable_id` is not null and `read_at` is null)  
[2025-06-09 12:45:12] local.ERROR: Error getting notifications count: SQLSTATE[42S22]: Column not found: 1054 Unknown column 'notifications.notifiable_type' in 'where clause' (SQL: select count(*) as aggregate from `notifications` where `notifications`.`notifiable_type` = App\Models\User and `notifications`.`notifiable_id` = 95 and `notifications`.`notifiable_id` is not null and `read_at` is null)  
[2025-06-09 12:45:12] local.ERROR: Error getting notifications count: SQLSTATE[42S22]: Column not found: 1054 Unknown column 'notifications.notifiable_type' in 'where clause' (SQL: select count(*) as aggregate from `notifications` where `notifications`.`notifiable_type` = App\Models\User and `notifications`.`notifiable_id` = 94 and `notifications`.`notifiable_id` is not null and `read_at` is null)  
[2025-06-09 12:45:12] local.ERROR: Error getting notifications count: SQLSTATE[42S22]: Column not found: 1054 Unknown column 'notifications.notifiable_type' in 'where clause' (SQL: select count(*) as aggregate from `notifications` where `notifications`.`notifiable_type` = App\Models\User and `notifications`.`notifiable_id` = 93 and `notifications`.`notifiable_id` is not null and `read_at` is null)  
[2025-06-09 12:45:12] local.ERROR: Error getting notifications count: SQLSTATE[42S22]: Column not found: 1054 Unknown column 'notifications.notifiable_type' in 'where clause' (SQL: select count(*) as aggregate from `notifications` where `notifications`.`notifiable_type` = App\Models\User and `notifications`.`notifiable_id` = 92 and `notifications`.`notifiable_id` is not null and `read_at` is null)  
[2025-06-09 12:45:12] local.ERROR: Error getting notifications count: SQLSTATE[42S22]: Column not found: 1054 Unknown column 'notifications.notifiable_type' in 'where clause' (SQL: select count(*) as aggregate from `notifications` where `notifications`.`notifiable_type` = App\Models\User and `notifications`.`notifiable_id` = 91 and `notifications`.`notifiable_id` is not null and `read_at` is null)  
[2025-06-09 12:45:12] local.ERROR: Error getting notifications count: SQLSTATE[42S22]: Column not found: 1054 Unknown column 'notifications.notifiable_type' in 'where clause' (SQL: select count(*) as aggregate from `notifications` where `notifications`.`notifiable_type` = App\Models\User and `notifications`.`notifiable_id` = 90 and `notifications`.`notifiable_id` is not null and `read_at` is null)  
[2025-06-09 12:45:12] local.ERROR: Error getting notifications count: SQLSTATE[42S22]: Column not found: 1054 Unknown column 'notifications.notifiable_type' in 'where clause' (SQL: select count(*) as aggregate from `notifications` where `notifications`.`notifiable_type` = App\Models\User and `notifications`.`notifiable_id` = 89 and `notifications`.`notifiable_id` is not null and `read_at` is null)  
[2025-06-09 12:45:12] local.ERROR: Error getting notifications count: SQLSTATE[42S22]: Column not found: 1054 Unknown column 'notifications.notifiable_type' in 'where clause' (SQL: select count(*) as aggregate from `notifications` where `notifications`.`notifiable_type` = App\Models\User and `notifications`.`notifiable_id` = 88 and `notifications`.`notifiable_id` is not null and `read_at` is null)  
[2025-06-09 12:45:24] local.ERROR: Error getting notifications count: SQLSTATE[42S22]: Column not found: 1054 Unknown column 'notifications.notifiable_type' in 'where clause' (SQL: select count(*) as aggregate from `notifications` where `notifications`.`notifiable_type` = App\Models\User and `notifications`.`notifiable_id` = 97 and `notifications`.`notifiable_id` is not null and `read_at` is null)  
[2025-06-09 12:45:24] local.ERROR: Error getting notifications count: SQLSTATE[42S22]: Column not found: 1054 Unknown column 'notifications.notifiable_type' in 'where clause' (SQL: select count(*) as aggregate from `notifications` where `notifications`.`notifiable_type` = App\Models\User and `notifications`.`notifiable_id` = 97 and `notifications`.`notifiable_id` is not null and `read_at` is null)  
[2025-06-09 12:45:24] local.ERROR: Error getting notifications count: SQLSTATE[42S22]: Column not found: 1054 Unknown column 'notifications.notifiable_type' in 'where clause' (SQL: select count(*) as aggregate from `notifications` where `notifications`.`notifiable_type` = App\Models\User and `notifications`.`notifiable_id` = 96 and `notifications`.`notifiable_id` is not null and `read_at` is null)  
[2025-06-09 12:45:24] local.ERROR: Error getting notifications count: SQLSTATE[42S22]: Column not found: 1054 Unknown column 'notifications.notifiable_type' in 'where clause' (SQL: select count(*) as aggregate from `notifications` where `notifications`.`notifiable_type` = App\Models\User and `notifications`.`notifiable_id` = 95 and `notifications`.`notifiable_id` is not null and `read_at` is null)  
[2025-06-09 12:45:24] local.ERROR: Error getting notifications count: SQLSTATE[42S22]: Column not found: 1054 Unknown column 'notifications.notifiable_type' in 'where clause' (SQL: select count(*) as aggregate from `notifications` where `notifications`.`notifiable_type` = App\Models\User and `notifications`.`notifiable_id` = 94 and `notifications`.`notifiable_id` is not null and `read_at` is null)  
[2025-06-09 12:45:24] local.ERROR: Error getting notifications count: SQLSTATE[42S22]: Column not found: 1054 Unknown column 'notifications.notifiable_type' in 'where clause' (SQL: select count(*) as aggregate from `notifications` where `notifications`.`notifiable_type` = App\Models\User and `notifications`.`notifiable_id` = 93 and `notifications`.`notifiable_id` is not null and `read_at` is null)  
[2025-06-09 12:45:24] local.ERROR: Error getting notifications count: SQLSTATE[42S22]: Column not found: 1054 Unknown column 'notifications.notifiable_type' in 'where clause' (SQL: select count(*) as aggregate from `notifications` where `notifications`.`notifiable_type` = App\Models\User and `notifications`.`notifiable_id` = 92 and `notifications`.`notifiable_id` is not null and `read_at` is null)  
[2025-06-09 12:45:24] local.ERROR: Error getting notifications count: SQLSTATE[42S22]: Column not found: 1054 Unknown column 'notifications.notifiable_type' in 'where clause' (SQL: select count(*) as aggregate from `notifications` where `notifications`.`notifiable_type` = App\Models\User and `notifications`.`notifiable_id` = 91 and `notifications`.`notifiable_id` is not null and `read_at` is null)  
[2025-06-09 12:45:24] local.ERROR: Error getting notifications count: SQLSTATE[42S22]: Column not found: 1054 Unknown column 'notifications.notifiable_type' in 'where clause' (SQL: select count(*) as aggregate from `notifications` where `notifications`.`notifiable_type` = App\Models\User and `notifications`.`notifiable_id` = 90 and `notifications`.`notifiable_id` is not null and `read_at` is null)  
[2025-06-09 12:45:24] local.ERROR: Error getting notifications count: SQLSTATE[42S22]: Column not found: 1054 Unknown column 'notifications.notifiable_type' in 'where clause' (SQL: select count(*) as aggregate from `notifications` where `notifications`.`notifiable_type` = App\Models\User and `notifications`.`notifiable_id` = 89 and `notifications`.`notifiable_id` is not null and `read_at` is null)  
[2025-06-09 12:45:24] local.ERROR: Error getting notifications count: SQLSTATE[42S22]: Column not found: 1054 Unknown column 'notifications.notifiable_type' in 'where clause' (SQL: select count(*) as aggregate from `notifications` where `notifications`.`notifiable_type` = App\Models\User and `notifications`.`notifiable_id` = 88 and `notifications`.`notifiable_id` is not null and `read_at` is null)  
[2025-06-09 12:55:02] local.ERROR: Undefined array key "branch_id" {"exception":"[object] (ErrorException(code: 0): Undefined array key \"branch_id\" at /Users/asmerchougle/Downloads/git/app/Http/Resources/DefaultAccessResource.php:29)
[stacktrace]
#0 /Users/asmerchougle/Downloads/git/vendor/laravel/framework/src/Illuminate/Foundation/Bootstrap/HandleExceptions.php(272): Illuminate\\Foundation\\Bootstrap\\HandleExceptions->handleError(2, 'Undefined array...', '/Users/asmercho...', 29)
#1 /Users/asmerchougle/Downloads/git/app/Http/Resources/DefaultAccessResource.php(29): Illuminate\\Foundation\\Bootstrap\\HandleExceptions->{closure:Illuminate\\Foundation\\Bootstrap\\HandleExceptions::forwardsTo():271}(2, 'Undefined array...', '/Users/asmercho...', 29)
#2 /Users/asmerchougle/Downloads/git/vendor/laravel/framework/src/Illuminate/Http/Resources/Json/JsonResource.php(94): App\\Http\\Resources\\DefaultAccessResource->toArray(Object(Illuminate\\Http\\Request))
#3 /Users/asmerchougle/Downloads/git/vendor/laravel/framework/src/Illuminate/Http/Resources/Json/ResourceResponse.php(39): Illuminate\\Http\\Resources\\Json\\JsonResource->resolve(Object(Illuminate\\Http\\Request))
#4 /Users/asmerchougle/Downloads/git/vendor/laravel/framework/src/Illuminate/Http/Resources/Json/JsonResource.php(231): Illuminate\\Http\\Resources\\Json\\ResourceResponse->toResponse(Object(Illuminate\\Http\\Request))
#5 /Users/asmerchougle/Downloads/git/vendor/laravel/framework/src/Illuminate/Routing/Router.php(888): Illuminate\\Http\\Resources\\Json\\JsonResource->toResponse(Object(Illuminate\\Http\\Request))
#6 /Users/asmerchougle/Downloads/git/vendor/laravel/framework/src/Illuminate/Routing/Router.php(875): Illuminate\\Routing\\Router::toResponse(Object(Illuminate\\Http\\Request), Object(App\\Http\\Resources\\DefaultAccessResource))
#7 /Users/asmerchougle/Downloads/git/vendor/laravel/framework/src/Illuminate/Routing/Router.php(797): Illuminate\\Routing\\Router->prepareResponse(Object(Illuminate\\Http\\Request), Object(App\\Http\\Resources\\DefaultAccessResource))
#8 /Users/asmerchougle/Downloads/git/vendor/laravel/framework/src/Illuminate/Pipeline/Pipeline.php(141): Illuminate\\Routing\\Router->{closure:Illuminate\\Routing\\Router::runRouteWithinStack():797}(Object(Illuminate\\Http\\Request))
#9 /Users/asmerchougle/Downloads/git/app/Http/Middleware/localization.php(15): Illuminate\\Pipeline\\Pipeline->{closure:Illuminate\\Pipeline\\Pipeline::prepareDestination():139}(Object(Illuminate\\Http\\Request))
#10 /Users/asmerchougle/Downloads/git/vendor/laravel/framework/src/Illuminate/Pipeline/Pipeline.php(180): App\\Http\\Middleware\\localization->handle(Object(Illuminate\\Http\\Request), Object(Closure))
#11 /Users/asmerchougle/Downloads/git/app/Http/Middleware/Installed.php(21): Illuminate\\Pipeline\\Pipeline->{closure:{closure:Illuminate\\Pipeline\\Pipeline::carry():155}:156}(Object(Illuminate\\Http\\Request))
#12 /Users/asmerchougle/Downloads/git/vendor/laravel/framework/src/Illuminate/Pipeline/Pipeline.php(180): App\\Http\\Middleware\\Installed->handle(Object(Illuminate\\Http\\Request), Object(Closure))
#13 /Users/asmerchougle/Downloads/git/app/Http/Middleware/JsonMiddleware.php(20): Illuminate\\Pipeline\\Pipeline->{closure:{closure:Illuminate\\Pipeline\\Pipeline::carry():155}:156}(Object(Illuminate\\Http\\Request))
#14 /Users/asmerchougle/Downloads/git/vendor/laravel/framework/src/Illuminate/Pipeline/Pipeline.php(180): App\\Http\\Middleware\\JsonMiddleware->handle(Object(Illuminate\\Http\\Request), Object(Closure))
#15 /Users/asmerchougle/Downloads/git/vendor/laravel/framework/src/Illuminate/Routing/Middleware/SubstituteBindings.php(50): Illuminate\\Pipeline\\Pipeline->{closure:{closure:Illuminate\\Pipeline\\Pipeline::carry():155}:156}(Object(Illuminate\\Http\\Request))
#16 /Users/asmerchougle/Downloads/git/vendor/laravel/framework/src/Illuminate/Pipeline/Pipeline.php(180): Illuminate\\Routing\\Middleware\\SubstituteBindings->handle(Object(Illuminate\\Http\\Request), Object(Closure))
#17 /Users/asmerchougle/Downloads/git/vendor/laravel/framework/src/Illuminate/Routing/Middleware/ThrottleRequests.php(126): Illuminate\\Pipeline\\Pipeline->{closure:{closure:Illuminate\\Pipeline\\Pipeline::carry():155}:156}(Object(Illuminate\\Http\\Request))
#18 /Users/asmerchougle/Downloads/git/vendor/laravel/framework/src/Illuminate/Routing/Middleware/ThrottleRequests.php(57): Illuminate\\Routing\\Middleware\\ThrottleRequests->handleRequest(Object(Illuminate\\Http\\Request), Object(Closure), Array)
#19 /Users/asmerchougle/Downloads/git/vendor/laravel/framework/src/Illuminate/Pipeline/Pipeline.php(180): Illuminate\\Routing\\Middleware\\ThrottleRequests->handle(Object(Illuminate\\Http\\Request), Object(Closure), '120', '.10')
#20 /Users/asmerchougle/Downloads/git/vendor/laravel/framework/src/Illuminate/Pipeline/Pipeline.php(116): Illuminate\\Pipeline\\Pipeline->{closure:{closure:Illuminate\\Pipeline\\Pipeline::carry():155}:156}(Object(Illuminate\\Http\\Request))
#21 /Users/asmerchougle/Downloads/git/vendor/laravel/framework/src/Illuminate/Routing/Router.php(797): Illuminate\\Pipeline\\Pipeline->then(Object(Closure))
#22 /Users/asmerchougle/Downloads/git/vendor/laravel/framework/src/Illuminate/Routing/Router.php(776): Illuminate\\Routing\\Router->runRouteWithinStack(Object(Illuminate\\Routing\\Route), Object(Illuminate\\Http\\Request))
#23 /Users/asmerchougle/Downloads/git/vendor/laravel/framework/src/Illuminate/Routing/Router.php(740): Illuminate\\Routing\\Router->runRoute(Object(Illuminate\\Http\\Request), Object(Illuminate\\Routing\\Route))
#24 /Users/asmerchougle/Downloads/git/vendor/laravel/framework/src/Illuminate/Routing/Router.php(729): Illuminate\\Routing\\Router->dispatchToRoute(Object(Illuminate\\Http\\Request))
#25 /Users/asmerchougle/Downloads/git/vendor/laravel/framework/src/Illuminate/Foundation/Http/Kernel.php(190): Illuminate\\Routing\\Router->dispatch(Object(Illuminate\\Http\\Request))
#26 /Users/asmerchougle/Downloads/git/vendor/laravel/framework/src/Illuminate/Pipeline/Pipeline.php(141): Illuminate\\Foundation\\Http\\Kernel->{closure:Illuminate\\Foundation\\Http\\Kernel::dispatchToRouter():187}(Object(Illuminate\\Http\\Request))
#27 /Users/asmerchougle/Downloads/git/vendor/beyondcode/laravel-query-detector/src/QueryDetectorMiddleware.php(27): Illuminate\\Pipeline\\Pipeline->{closure:Illuminate\\Pipeline\\Pipeline::prepareDestination():139}(Object(Illuminate\\Http\\Request))
#28 /Users/asmerchougle/Downloads/git/vendor/laravel/framework/src/Illuminate/Pipeline/Pipeline.php(180): BeyondCode\\QueryDetector\\QueryDetectorMiddleware->handle(Object(Illuminate\\Http\\Request), Object(Closure))
#29 /Users/asmerchougle/Downloads/git/vendor/barryvdh/laravel-debugbar/src/Middleware/InjectDebugbar.php(59): Illuminate\\Pipeline\\Pipeline->{closure:{closure:Illuminate\\Pipeline\\Pipeline::carry():155}:156}(Object(Illuminate\\Http\\Request))
#30 /Users/asmerchougle/Downloads/git/vendor/laravel/framework/src/Illuminate/Pipeline/Pipeline.php(180): Barryvdh\\Debugbar\\Middleware\\InjectDebugbar->handle(Object(Illuminate\\Http\\Request), Object(Closure))
#31 /Users/asmerchougle/Downloads/git/vendor/laravel/framework/src/Illuminate/Foundation/Http/Middleware/TransformsRequest.php(21): Illuminate\\Pipeline\\Pipeline->{closure:{closure:Illuminate\\Pipeline\\Pipeline::carry():155}:156}(Object(Illuminate\\Http\\Request))
#32 /Users/asmerchougle/Downloads/git/vendor/laravel/framework/src/Illuminate/Foundation/Http/Middleware/ConvertEmptyStringsToNull.php(31): Illuminate\\Foundation\\Http\\Middleware\\TransformsRequest->handle(Object(Illuminate\\Http\\Request), Object(Closure))
#33 /Users/asmerchougle/Downloads/git/vendor/laravel/framework/src/Illuminate/Pipeline/Pipeline.php(180): Illuminate\\Foundation\\Http\\Middleware\\ConvertEmptyStringsToNull->handle(Object(Illuminate\\Http\\Request), Object(Closure))
#34 /Users/asmerchougle/Downloads/git/vendor/laravel/framework/src/Illuminate/Foundation/Http/Middleware/TransformsRequest.php(21): Illuminate\\Pipeline\\Pipeline->{closure:{closure:Illuminate\\Pipeline\\Pipeline::carry():155}:156}(Object(Illuminate\\Http\\Request))
#35 /Users/asmerchougle/Downloads/git/vendor/laravel/framework/src/Illuminate/Foundation/Http/Middleware/TrimStrings.php(40): Illuminate\\Foundation\\Http\\Middleware\\TransformsRequest->handle(Object(Illuminate\\Http\\Request), Object(Closure))
#36 /Users/asmerchougle/Downloads/git/vendor/laravel/framework/src/Illuminate/Pipeline/Pipeline.php(180): Illuminate\\Foundation\\Http\\Middleware\\TrimStrings->handle(Object(Illuminate\\Http\\Request), Object(Closure))
#37 /Users/asmerchougle/Downloads/git/vendor/laravel/framework/src/Illuminate/Foundation/Http/Middleware/ValidatePostSize.php(27): Illuminate\\Pipeline\\Pipeline->{closure:{closure:Illuminate\\Pipeline\\Pipeline::carry():155}:156}(Object(Illuminate\\Http\\Request))
#38 /Users/asmerchougle/Downloads/git/vendor/laravel/framework/src/Illuminate/Pipeline/Pipeline.php(180): Illuminate\\Foundation\\Http\\Middleware\\ValidatePostSize->handle(Object(Illuminate\\Http\\Request), Object(Closure))
#39 /Users/asmerchougle/Downloads/git/vendor/laravel/framework/src/Illuminate/Foundation/Http/Middleware/PreventRequestsDuringMaintenance.php(86): Illuminate\\Pipeline\\Pipeline->{closure:{closure:Illuminate\\Pipeline\\Pipeline::carry():155}:156}(Object(Illuminate\\Http\\Request))
#40 /Users/asmerchougle/Downloads/git/vendor/laravel/framework/src/Illuminate/Pipeline/Pipeline.php(180): Illuminate\\Foundation\\Http\\Middleware\\PreventRequestsDuringMaintenance->handle(Object(Illuminate\\Http\\Request), Object(Closure))
#41 /Users/asmerchougle/Downloads/git/vendor/laravel/framework/src/Illuminate/Http/Middleware/HandleCors.php(62): Illuminate\\Pipeline\\Pipeline->{closure:{closure:Illuminate\\Pipeline\\Pipeline::carry():155}:156}(Object(Illuminate\\Http\\Request))
#42 /Users/asmerchougle/Downloads/git/vendor/laravel/framework/src/Illuminate/Pipeline/Pipeline.php(180): Illuminate\\Http\\Middleware\\HandleCors->handle(Object(Illuminate\\Http\\Request), Object(Closure))
#43 /Users/asmerchougle/Downloads/git/vendor/laravel/framework/src/Illuminate/Http/Middleware/TrustProxies.php(39): Illuminate\\Pipeline\\Pipeline->{closure:{closure:Illuminate\\Pipeline\\Pipeline::carry():155}:156}(Object(Illuminate\\Http\\Request))
#44 /Users/asmerchougle/Downloads/git/vendor/laravel/framework/src/Illuminate/Pipeline/Pipeline.php(180): Illuminate\\Http\\Middleware\\TrustProxies->handle(Object(Illuminate\\Http\\Request), Object(Closure))
#45 /Users/asmerchougle/Downloads/git/vendor/laravel/framework/src/Illuminate/Pipeline/Pipeline.php(116): Illuminate\\Pipeline\\Pipeline->{closure:{closure:Illuminate\\Pipeline\\Pipeline::carry():155}:156}(Object(Illuminate\\Http\\Request))
#46 /Users/asmerchougle/Downloads/git/vendor/laravel/framework/src/Illuminate/Foundation/Http/Kernel.php(165): Illuminate\\Pipeline\\Pipeline->then(Object(Closure))
#47 /Users/asmerchougle/Downloads/git/vendor/laravel/framework/src/Illuminate/Foundation/Http/Kernel.php(134): Illuminate\\Foundation\\Http\\Kernel->sendRequestThroughRouter(Object(Illuminate\\Http\\Request))
#48 /Users/asmerchougle/Downloads/git/public/index.php(51): Illuminate\\Foundation\\Http\\Kernel->handle(Object(Illuminate\\Http\\Request))
#49 /Users/asmerchougle/Downloads/git/vendor/laravel/framework/src/Illuminate/Foundation/resources/server.php(16): require_once('/Users/asmercho...')
#50 {main}
"} 
